<?xml version="1.0" encoding="UTF-8"?>
<!-- Generated by org.testng.reporters.JUnitReportReporter -->
<testsuite hostname="Deepa" failures="0" tests="1" name="testNGPackage2.Test2" time="12.415" errors="0" timestamp="2023-05-22T20:41:44 IST" skipped="0">
  <testcase classname="testNGPackage2.Test2" name="test2Method" time="12.415"/>
  <system-out/>
</testsuite> <!-- testNGPackage2.Test2 -->
