<?xml version="1.0" encoding="UTF-8"?>
<!-- Generated by org.testng.reporters.JUnitReportReporter -->
<testsuite hostname="Deepa" failures="0" tests="2" name="testNGFlags.Flag2" time="0.029" errors="0" timestamp="2023-05-26T10:10:31 IST" skipped="0">
  <testcase classname="testNGFlags.Flag2" name="method2" time="0.002"/>
  <system-out>
    <![CDATA[Logout Performed!!]]>
  </system-out>
  <testcase classname="testNGFlags.Flag2" name="method1" time="0.027"/>
  <system-out>
    <![CDATA[Login Performed!!]]>
  </system-out>
</testsuite> <!-- testNGFlags.Flag2 -->
