<?xml version="1.0" encoding="UTF-8"?>
<!-- Generated by org.testng.reporters.JUnitReportReporter -->
<testsuite hostname="Deepa" failures="0" tests="2" name="testNGPackage.Demo" time="0.021" errors="0" timestamp="2023-05-22T10:44:54 IST" skipped="0">
  <testcase classname="testNGPackage.Demo" name="f" time="0.019"/>
  <system-out>
    <![CDATA[Hii TestNG]]>
  </system-out>
  <testcase classname="testNGPackage.Demo" name="g" time="0.002"/>
  <system-out>
    <![CDATA[Hii Java]]>
  </system-out>
</testsuite> <!-- testNGPackage.Demo -->
