<?xml version="1.0" encoding="UTF-8"?>
<!-- Generated by org.testng.reporters.JUnitReportReporter -->
<testsuite hostname="Deepa" failures="0" tests="3" name="testNGFlags.Flag5" time="0.024" errors="0" timestamp="2023-05-26T10:56:55 IST" skipped="0">
  <testcase classname="testNGFlags.Flag5" name="logoutMethod" time="0.003"/>
  <system-out>
    <![CDATA[logout Performed]]>
  </system-out>
  <testcase classname="testNGFlags.Flag5" name="createUser" time="0.002"/>
  <system-out>
    <![CDATA[User created]]>
  </system-out>
  <testcase classname="testNGFlags.Flag5" name="loginMethod" time="0.019"/>
  <system-out>
    <![CDATA[Login Performed]]>
  </system-out>
</testsuite> <!-- testNGFlags.Flag5 -->
