<?xml version="1.0" encoding="UTF-8"?>
<!-- Generated by org.testng.reporters.JUnitReportReporter -->
<testsuite hostname="Deepa" failures="0" tests="1" name="testNGPackage2.Class3" time="37.487" errors="0" timestamp="2023-05-24T10:44:15 IST" skipped="0">
  <testcase classname="testNGPackage2.Class3" name="test6Method" time="37.487"/>
  <system-out/>
</testsuite> <!-- testNGPackage2.Class3 -->
