<?xml version="1.0" encoding="UTF-8"?>
<!-- Generated by org.testng.reporters.JUnitReportReporter -->
<testsuite hostname="Deepa" failures="0" tests="3" name="testNGPackage2.DemoTest1" time="0.033" errors="0" timestamp="2023-05-23T09:38:40 IST" skipped="0">
  <testcase classname="testNGPackage2.DemoTest1" name="c" time="0.002"/>
  <system-out>
    <![CDATA[c Method frome DemoTest1]]>
  </system-out>
  <testcase classname="testNGPackage2.DemoTest1" name="a" time="0.027"/>
  <system-out>
    <![CDATA[a method from DemoTest1]]>
  </system-out>
  <testcase classname="testNGPackage2.DemoTest1" name="b" time="0.004"/>
  <system-out>
    <![CDATA[b Method frome DemoTest1]]>
  </system-out>
</testsuite> <!-- testNGPackage2.DemoTest1 -->
