<?xml version="1.0" encoding="UTF-8"?>
<!-- Generated by org.testng.reporters.JUnitReportReporter -->
<testsuite hostname="Deepa" failures="0" tests="1" name="testNGPackage.Sumo" time="0.003" errors="0" timestamp="2023-05-22T10:44:54 IST" skipped="0">
  <testcase classname="testNGPackage.Sumo" name="f" time="0.003"/>
  <system-out>
    <![CDATA[Where is Selenium?]]>
  </system-out>
</testsuite> <!-- testNGPackage.Sumo -->
