<?xml version="1.0" encoding="UTF-8"?>
<!-- Generated by org.testng.reporters.JUnitReportReporter -->
<testsuite hostname="Deepa" failures="0" tests="2" name="testNGPackage2.MethodExecution" time="0.052" errors="0" timestamp="2023-05-24T10:19:39 IST" skipped="0">
  <testcase classname="testNGPackage2.MethodExecution" name="method1" time="0.026"/>
  <system-out>
    <![CDATA[18 :is the thread id of the method
method1]]>
  </system-out>
  <testcase classname="testNGPackage2.MethodExecution" name="method2" time="0.026"/>
  <system-out>
    <![CDATA[19 :is the thread id of the method
method2]]>
  </system-out>
</testsuite> <!-- testNGPackage2.MethodExecution -->
