<?xml version="1.0" encoding="UTF-8"?>
<!-- Generated by org.testng.reporters.JUnitReportReporter -->
<testsuite hostname="Deepa" failures="0" tests="6" name="testNGFlags.GroupFlag" time="0.031" errors="0" timestamp="2023-05-27T09:47:53 IST" skipped="0">
  <testcase classname="testNGFlags.GroupFlag" name="it4" time="0.002"/>
  <system-out>
    <![CDATA[ITC4]]>
  </system-out>
  <testcase classname="testNGFlags.GroupFlag" name="it2" time="0.002"/>
  <system-out>
    <![CDATA[ITC2]]>
  </system-out>
  <testcase classname="testNGFlags.GroupFlag" name="it3" time="0.003"/>
  <system-out>
    <![CDATA[ITC3]]>
  </system-out>
  <testcase classname="testNGFlags.GroupFlag" name="it5" time="0.002"/>
  <system-out>
    <![CDATA[ITC5]]>
  </system-out>
  <testcase classname="testNGFlags.GroupFlag" name="it1" time="0.019"/>
  <system-out>
    <![CDATA[ITC1]]>
  </system-out>
  <testcase classname="testNGFlags.GroupFlag" name="it6" time="0.003"/>
  <system-out>
    <![CDATA[ITC6]]>
  </system-out>
</testsuite> <!-- testNGFlags.GroupFlag -->
