<?xml version="1.0" encoding="UTF-8"?>
<!-- Generated by org.testng.reporters.JUnitReportReporter -->
<testsuite hostname="Deepa" failures="0" tests="1" name="testNGPackage2.Test2" time="30.510" errors="0" timestamp="2023-05-24T10:26:21 IST" skipped="0">
  <testcase classname="testNGPackage2.Test2" name="test2Method" time="30.510"/>
  <system-out/>
</testsuite> <!-- testNGPackage2.Test2 -->
