<?xml version="1.0" encoding="UTF-8"?>
<!-- Generated by org.testng.reporters.JUnitReportReporter -->
<testsuite hostname="Deepa" failures="0" tests="3" name="testNGPackage2.DemoTest3" time="0.006" errors="0" timestamp="2023-05-23T09:38:40 IST" skipped="0">
  <testcase classname="testNGPackage2.DemoTest3" name="g" time="0.002"/>
  <system-out>
    <![CDATA[g Method from DemoTest3]]>
  </system-out>
  <testcase classname="testNGPackage2.DemoTest3" name="h" time="0.002"/>
  <system-out>
    <![CDATA[h Method from DemoTest3]]>
  </system-out>
  <testcase classname="testNGPackage2.DemoTest3" name="i" time="0.002"/>
  <system-out>
    <![CDATA[i Method from DemoTest3]]>
  </system-out>
</testsuite> <!-- testNGPackage2.DemoTest3 -->
