<?xml version="1.0" encoding="UTF-8"?>
<!-- Generated by org.testng.reporters.JUnitReportReporter -->
<testsuite hostname="Deepa" failures="0" tests="1" name="testNGExecution.SelectBrowser" time="0.020" errors="0" timestamp="2023-05-25T09:53:10 IST" skipped="0">
  <testcase classname="testNGExecution.SelectBrowser" name="method1" time="0.020"/>
  <system-out/>
</testsuite> <!-- testNGExecution.SelectBrowser -->
