<?xml version="1.0" encoding="UTF-8"?>
<!-- Generated by org.testng.reporters.JUnitReportReporter -->
<testsuite hostname="Deepa" failures="0" tests="3" name="testNGFlags.GoogleSearchForFlagDescription" time="37.275" errors="0" timestamp="2023-05-26T10:40:19 IST" skipped="0">
  <testcase classname="testNGFlags.GoogleSearchForFlagDescription" name="search1" time="10.700"/>
  <system-out/>
  <testcase classname="testNGFlags.GoogleSearchForFlagDescription" name="search2" time="10.978"/>
  <system-out/>
  <testcase classname="testNGFlags.GoogleSearchForFlagDescription" name="search3" time="15.597"/>
  <system-out/>
</testsuite> <!-- testNGFlags.GoogleSearchForFlagDescription -->
