<?xml version="1.0" encoding="UTF-8"?>
<!-- Generated by org.testng.reporters.JUnitReportReporter -->
<testsuite hostname="Deepa" failures="0" tests="1" name="testNGPackage2.DemoTest2" time="0.024" errors="0" timestamp="2023-05-23T09:45:41 IST" skipped="0">
  <testcase classname="testNGPackage2.DemoTest2" name="f1" time="0.024"/>
  <system-out>
    <![CDATA[f1 Method frome DemoTest2]]>
  </system-out>
</testsuite> <!-- testNGPackage2.DemoTest2 -->
