<?xml version="1.0" encoding="UTF-8"?>
<!-- Generated by org.testng.reporters.JUnitReportReporter -->
<testsuite hostname="Deepa" failures="0" tests="1" name="testNGPackage2.Test4" time="13.888" errors="0" timestamp="2023-05-24T10:36:23 IST" skipped="0">
  <testcase classname="testNGPackage2.Test4" name="test4Method" time="13.888"/>
  <system-out/>
</testsuite> <!-- testNGPackage2.Test4 -->
