<?xml version="1.0" encoding="UTF-8"?>
<!-- Generated by org.testng.reporters.JUnitReportReporter -->
<testsuite hostname="Deepa" failures="0" tests="3" name="testNGAnnotations.GoogleSearchTestCase" time="36.182" errors="0" timestamp="2023-05-23T11:25:24 IST" skipped="0">
  <testcase classname="testNGAnnotations.GoogleSearchTestCase" name="search1" time="8.414"/>
  <system-out/>
  <testcase classname="testNGAnnotations.GoogleSearchTestCase" name="search2" time="8.466"/>
  <system-out/>
  <testcase classname="testNGAnnotations.GoogleSearchTestCase" name="search3" time="19.302"/>
  <system-out/>
</testsuite> <!-- testNGAnnotations.GoogleSearchTestCase -->
