<?xml version="1.0" encoding="UTF-8"?>
<!-- Generated by org.testng.reporters.JUnitReportReporter -->
<testsuite hostname="Deepa" failures="0" tests="2" name="testNGAnnotations.Annotations" time="0.025" errors="0" timestamp="2023-05-23T10:15:34 IST" skipped="0">
  <testcase classname="testNGAnnotations.Annotations" name="f" time="0.019"/>
  <system-out>
    <![CDATA[Test Annotation]]>
  </system-out>
  <testcase classname="testNGAnnotations.Annotations" name="testMethod" time="0.006"/>
  <system-out>
    <![CDATA[Test Annotation2]]>
  </system-out>
</testsuite> <!-- testNGAnnotations.Annotations -->
