<?xml version="1.0" encoding="UTF-8"?>
<!-- Generated by org.testng.reporters.JUnitReportReporter -->
<testsuite hostname="Deepa" failures="0" tests="10" name="testNGFlags.Flag3" time="0.040" errors="0" timestamp="2023-05-26T10:19:59 IST" skipped="0">
  <testcase classname="testNGFlags.Flag3" name="method1" time="0.002"/>
  <system-out>
    <![CDATA[Login Test Case]]>
  </system-out>
  <testcase classname="testNGFlags.Flag3" name="method1" time="0.002"/>
  <system-out>
    <![CDATA[Login Test Case]]>
  </system-out>
  <testcase classname="testNGFlags.Flag3" name="method1" time="0.002"/>
  <system-out>
    <![CDATA[Login Test Case]]>
  </system-out>
  <testcase classname="testNGFlags.Flag3" name="method1" time="0.019"/>
  <system-out>
    <![CDATA[Login Test Case]]>
  </system-out>
  <testcase classname="testNGFlags.Flag3" name="method1" time="0.002"/>
  <system-out>
    <![CDATA[Login Test Case]]>
  </system-out>
  <testcase classname="testNGFlags.Flag3" name="method1" time="0.003"/>
  <system-out>
    <![CDATA[Login Test Case]]>
  </system-out>
  <testcase classname="testNGFlags.Flag3" name="method1" time="0.002"/>
  <system-out>
    <![CDATA[Login Test Case]]>
  </system-out>
  <testcase classname="testNGFlags.Flag3" name="method1" time="0.003"/>
  <system-out>
    <![CDATA[Login Test Case]]>
  </system-out>
  <testcase classname="testNGFlags.Flag3" name="method1" time="0.003"/>
  <system-out>
    <![CDATA[Login Test Case]]>
  </system-out>
  <testcase classname="testNGFlags.Flag3" name="method1" time="0.002"/>
  <system-out>
    <![CDATA[Login Test Case]]>
  </system-out>
</testsuite> <!-- testNGFlags.Flag3 -->
