<?xml version="1.0" encoding="UTF-8"?>
<!-- Generated by org.testng.reporters.JUnitReportReporter -->
<testsuite hostname="Deepa" failures="0" tests="5" name="dyanamicScreenShort.ActiTimeDataProvider" time="51.662" errors="0" timestamp="2023-05-30T10:35:54 IST" skipped="0">
  <testcase classname="dyanamicScreenShort.ActiTimeDataProvider" name="loginInvalid" time="10.790"/>
  <system-out/>
  <testcase classname="dyanamicScreenShort.ActiTimeDataProvider" name="loginInvalid" time="12.035"/>
  <system-out/>
  <testcase classname="dyanamicScreenShort.ActiTimeDataProvider" name="loginInvalid" time="9.591"/>
  <system-out/>
  <testcase classname="dyanamicScreenShort.ActiTimeDataProvider" name="loginInvalid" time="9.530"/>
  <system-out/>
  <testcase classname="dyanamicScreenShort.ActiTimeDataProvider" name="loginInvalid" time="9.716"/>
  <system-out/>
</testsuite> <!-- dyanamicScreenShort.ActiTimeDataProvider -->
